<?xml version="1.0" encoding="UTF-8"?>
<!-- Generated by org.testng.reporters.JUnitReportReporter -->
<testsuite hostname="DESKTOP-LHMQO94" failures="0" tests="6" name="test.LoginTest" time="5.171" errors="0" timestamp="22 Dec 2021 15:06:36 GMT" skipped="0">
  <testcase classname="test.LoginTest" name="AddUserNameAndPasswordEmpty" time="0.924"/>
  <testcase classname="test.LoginTest" name="AddPasswordEmpty" time="0.919"/>
  <testcase classname="test.LoginTest" name="AddUserNameEmpty" time="0.772"/>
  <testcase classname="test.LoginTest" name="AddValidAccount" time="0.957"/>
  <testcase classname="test.LoginTest" name="LogOut" time="0.628"/>
  <testcase classname="test.LoginTest" name="clickBackBrowser" time="0.971"/>
</testsuite> <!-- test.LoginTest -->
