<?xml version="1.0" encoding="UTF-8"?>
<!-- Generated by org.testng.reporters.JUnitReportReporter -->
<testsuite hostname="DESKTOP-LHMQO94" failures="0" tests="6" name="test.LoginTest" time="5.035" errors="0" timestamp="22 Dec 2021 14:54:06 GMT" skipped="0">
  <testcase classname="test.LoginTest" name="AddUserNameAndPasswordEmpty" time="0.818"/>
  <testcase classname="test.LoginTest" name="AddPasswordEmpty" time="0.869"/>
  <testcase classname="test.LoginTest" name="AddUserNameEmpty" time="0.914"/>
  <testcase classname="test.LoginTest" name="AddValidAccount" time="0.933"/>
  <testcase classname="test.LoginTest" name="LogOut" time="0.685"/>
  <testcase classname="test.LoginTest" name="clickBackBrowser" time="0.816"/>
</testsuite> <!-- test.LoginTest -->
